2025-04-11 11:45:24 [INFO] __main__:38 - 基分类器编号: 1
2025-04-11 11:45:24 [INFO] __main__:65 - 使用基分类器: DecisionStump 进行10折交叉验证，并输出到 experiments/ 文件夹
2025-04-11 11:45:24 [INFO] utils.data_loader:10 - load_data: 读取 data.csv 和 targets.csv, 样本数=3680, 特征数=57
2025-04-11 11:45:24 [INFO] utils.cross_validation:26 - k_fold_split: 已拆分为 10 折, each fold size~368 (最后一折=368)
2025-04-11 11:45:24 [INFO] adaboost.adaboost:25 - model is <base_models.decision_stump.DecisionStump object at 0x7fb94c56e270>
2025-04-11 11:45:24 [INFO] adaboost.adaboost:25 - model is <base_models.decision_stump.DecisionStump object at 0x7fb94fb59640>
2025-04-11 11:45:25 [INFO] adaboost.adaboost:25 - model is <base_models.decision_stump.DecisionStump object at 0x7fb94fb59640>
2025-04-11 11:45:25 [INFO] adaboost.adaboost:25 - model is <base_models.decision_stump.DecisionStump object at 0x7fb94fb59640>
2025-04-11 11:45:25 [INFO] adaboost.adaboost:25 - model is <base_models.decision_stump.DecisionStump object at 0x7fb94fbccf50>
2025-04-11 11:45:26 [INFO] adaboost.adaboost:25 - model is <base_models.decision_stump.DecisionStump object at 0x7fb94cd845c0>
2025-04-11 11:45:26 [INFO] adaboost.adaboost:25 - model is <base_models.decision_stump.DecisionStump object at 0x7fb94c56e270>
2025-04-11 11:45:26 [INFO] adaboost.adaboost:25 - model is <base_models.decision_stump.DecisionStump object at 0x7fb94c573950>
2025-04-11 11:45:27 [INFO] adaboost.adaboost:25 - model is <base_models.decision_stump.DecisionStump object at 0x7fb94fbccf50>
2025-04-11 11:45:27 [INFO] adaboost.adaboost:25 - model is <base_models.decision_stump.DecisionStump object at 0x7fb94cc989e0>
2025-04-11 11:45:27 [INFO] __main__:87 - 完成基分类器数目=1 的10折输出
2025-04-11 11:45:27 [INFO] adaboost.adaboost:25 - model is <base_models.decision_stump.DecisionStump object at 0x7fb94cc989e0>
2025-04-11 11:45:27 [INFO] adaboost.adaboost:25 - model is <base_models.decision_stump.DecisionStump object at 0x7fb94cd845c0>
2025-04-11 11:45:28 [INFO] adaboost.adaboost:25 - model is <base_models.decision_stump.DecisionStump object at 0x7fb94c5737d0>
2025-04-11 11:45:28 [INFO] adaboost.adaboost:25 - model is <base_models.decision_stump.DecisionStump object at 0x7fb94c57b290>
2025-04-11 11:45:28 [INFO] adaboost.adaboost:25 - model is <base_models.decision_stump.DecisionStump object at 0x7fb94c578170>
2025-04-11 11:45:29 [INFO] adaboost.adaboost:25 - model is <base_models.decision_stump.DecisionStump object at 0x7fb94cb88c50>
2025-04-11 11:45:29 [INFO] adaboost.adaboost:25 - model is <base_models.decision_stump.DecisionStump object at 0x7fb94c5737d0>
2025-04-11 11:45:29 [INFO] adaboost.adaboost:25 - model is <base_models.decision_stump.DecisionStump object at 0x7fb94fbcce60>
2025-04-11 11:45:30 [INFO] adaboost.adaboost:25 - model is <base_models.decision_stump.DecisionStump object at 0x7fb94c56e270>
2025-04-11 11:45:30 [INFO] adaboost.adaboost:25 - model is <base_models.decision_stump.DecisionStump object at 0x7fb94cd845c0>
2025-04-11 11:45:30 [INFO] adaboost.adaboost:25 - model is <base_models.decision_stump.DecisionStump object at 0x7fb94cb88c50>
2025-04-11 11:45:31 [INFO] adaboost.adaboost:25 - model is <base_models.decision_stump.DecisionStump object at 0x7fb94c56e270>
2025-04-11 11:45:31 [INFO] adaboost.adaboost:25 - model is <base_models.decision_stump.DecisionStump object at 0x7fb94cd845c0>
2025-04-11 11:45:31 [INFO] adaboost.adaboost:25 - model is <base_models.decision_stump.DecisionStump object at 0x7fb94d179ca0>
2025-04-11 11:45:31 [INFO] adaboost.adaboost:25 - model is <base_models.decision_stump.DecisionStump object at 0x7fb94fbcce60>
2025-04-11 11:45:32 [INFO] adaboost.adaboost:25 - model is <base_models.decision_stump.DecisionStump object at 0x7fb94fb59640>
2025-04-11 11:45:32 [INFO] adaboost.adaboost:25 - model is <base_models.decision_stump.DecisionStump object at 0x7fb94d179ca0>
2025-04-11 11:45:32 [INFO] adaboost.adaboost:25 - model is <base_models.decision_stump.DecisionStump object at 0x7fb94cd845c0>
2025-04-11 11:45:33 [INFO] adaboost.adaboost:25 - model is <base_models.decision_stump.DecisionStump object at 0x7fb94c578170>
2025-04-11 11:45:33 [INFO] adaboost.adaboost:25 - model is <base_models.decision_stump.DecisionStump object at 0x7fb94c57b470>
2025-04-11 11:45:33 [INFO] adaboost.adaboost:25 - model is <base_models.decision_stump.DecisionStump object at 0x7fb94fb59640>
2025-04-11 11:45:34 [INFO] adaboost.adaboost:25 - model is <base_models.decision_stump.DecisionStump object at 0x7fb94c5737d0>
2025-04-11 11:45:34 [INFO] adaboost.adaboost:25 - model is <base_models.decision_stump.DecisionStump object at 0x7fb94cd845c0>
2025-04-11 11:45:34 [INFO] adaboost.adaboost:25 - model is <base_models.decision_stump.DecisionStump object at 0x7fb94c57c350>
2025-04-11 11:45:35 [INFO] adaboost.adaboost:25 - model is <base_models.decision_stump.DecisionStump object at 0x7fb94c57c410>
2025-04-11 11:45:35 [INFO] adaboost.adaboost:25 - model is <base_models.decision_stump.DecisionStump object at 0x7fb94cd5b2c0>
2025-04-11 11:45:35 [INFO] adaboost.adaboost:25 - model is <base_models.decision_stump.DecisionStump object at 0x7fb94cd845c0>
2025-04-11 11:45:35 [INFO] adaboost.adaboost:25 - model is <base_models.decision_stump.DecisionStump object at 0x7fb94c5737d0>
2025-04-11 11:45:36 [INFO] adaboost.adaboost:25 - model is <base_models.decision_stump.DecisionStump object at 0x7fb94c5686b0>
2025-04-11 11:45:36 [INFO] adaboost.adaboost:25 - model is <base_models.decision_stump.DecisionStump object at 0x7fb94c5687d0>
2025-04-11 11:45:36 [INFO] adaboost.adaboost:25 - model is <base_models.decision_stump.DecisionStump object at 0x7fb94cc989e0>
2025-04-11 11:45:37 [INFO] adaboost.adaboost:25 - model is <base_models.decision_stump.DecisionStump object at 0x7fb94c573950>
2025-04-11 11:45:37 [INFO] adaboost.adaboost:25 - model is <base_models.decision_stump.DecisionStump object at 0x7fb94cd845c0>
2025-04-11 11:45:37 [INFO] adaboost.adaboost:25 - model is <base_models.decision_stump.DecisionStump object at 0x7fb94c57c470>
2025-04-11 11:45:38 [INFO] adaboost.adaboost:25 - model is <base_models.decision_stump.DecisionStump object at 0x7fb94c57c3b0>
2025-04-11 11:45:38 [INFO] adaboost.adaboost:25 - model is <base_models.decision_stump.DecisionStump object at 0x7fb94cb88c50>
2025-04-11 11:45:38 [INFO] adaboost.adaboost:25 - model is <base_models.decision_stump.DecisionStump object at 0x7fb94cd845c0>
2025-04-11 11:45:39 [INFO] adaboost.adaboost:25 - model is <base_models.decision_stump.DecisionStump object at 0x7fb94c573950>
2025-04-11 11:45:39 [INFO] adaboost.adaboost:25 - model is <base_models.decision_stump.DecisionStump object at 0x7fb94c5686b0>
2025-04-11 11:45:39 [INFO] adaboost.adaboost:25 - model is <base_models.decision_stump.DecisionStump object at 0x7fb94c568770>
2025-04-11 11:45:39 [INFO] adaboost.adaboost:25 - model is <base_models.decision_stump.DecisionStump object at 0x7fb94c56e270>
2025-04-11 11:45:40 [INFO] adaboost.adaboost:25 - model is <base_models.decision_stump.DecisionStump object at 0x7fb94c5737d0>
2025-04-11 11:45:40 [INFO] adaboost.adaboost:25 - model is <base_models.decision_stump.DecisionStump object at 0x7fb94cd845c0>
2025-04-11 11:45:40 [INFO] adaboost.adaboost:25 - model is <base_models.decision_stump.DecisionStump object at 0x7fb94c5686b0>
2025-04-11 11:45:41 [INFO] adaboost.adaboost:25 - model is <base_models.decision_stump.DecisionStump object at 0x7fb94fbcce60>
2025-04-11 11:45:41 [INFO] adaboost.adaboost:25 - model is <base_models.decision_stump.DecisionStump object at 0x7fb94c56e270>
2025-04-11 11:45:41 [INFO] adaboost.adaboost:25 - model is <base_models.decision_stump.DecisionStump object at 0x7fb94cd845c0>
2025-04-11 11:45:42 [INFO] adaboost.adaboost:25 - model is <base_models.decision_stump.DecisionStump object at 0x7fb94fbcc380>
2025-04-11 11:45:42 [INFO] adaboost.adaboost:25 - model is <base_models.decision_stump.DecisionStump object at 0x7fb94fbcce60>
2025-04-11 11:45:42 [INFO] adaboost.adaboost:25 - model is <base_models.decision_stump.DecisionStump object at 0x7fb94c57c470>
2025-04-11 11:45:43 [INFO] __main__:87 - 完成基分类器数目=5 的10折输出
2025-04-11 11:45:43 [INFO] adaboost.adaboost:25 - model is <base_models.decision_stump.DecisionStump object at 0x7fb94c56e270>
2025-04-11 11:45:43 [INFO] adaboost.adaboost:25 - model is <base_models.decision_stump.DecisionStump object at 0x7fb94fbcc380>
2025-04-11 11:45:43 [INFO] adaboost.adaboost:25 - model is <base_models.decision_stump.DecisionStump object at 0x7fb94c573950>
2025-04-11 11:45:43 [INFO] adaboost.adaboost:25 - model is <base_models.decision_stump.DecisionStump object at 0x7fb94c57b530>
2025-04-11 11:45:44 [INFO] adaboost.adaboost:25 - model is <base_models.decision_stump.DecisionStump object at 0x7fb94c57b470>
2025-04-11 11:45:44 [INFO] adaboost.adaboost:25 - model is <base_models.decision_stump.DecisionStump object at 0x7fb94c57b5f0>
2025-04-11 11:45:44 [INFO] adaboost.adaboost:25 - model is <base_models.decision_stump.DecisionStump object at 0x7fb94c57b7d0>
2025-04-11 11:45:45 [INFO] adaboost.adaboost:25 - model is <base_models.decision_stump.DecisionStump object at 0x7fb94c57b890>
2025-04-11 11:45:45 [INFO] adaboost.adaboost:25 - model is <base_models.decision_stump.DecisionStump object at 0x7fb94c57b950>
2025-04-11 11:45:45 [INFO] adaboost.adaboost:25 - model is <base_models.decision_stump.DecisionStump object at 0x7fb94c57ba10>
2025-04-11 11:45:46 [INFO] adaboost.adaboost:25 - model is <base_models.decision_stump.DecisionStump object at 0x7fb94c56e270>
2025-04-11 11:45:46 [INFO] adaboost.adaboost:25 - model is <base_models.decision_stump.DecisionStump object at 0x7fb94fbcc380>
2025-04-11 11:45:46 [INFO] adaboost.adaboost:25 - model is <base_models.decision_stump.DecisionStump object at 0x7fb94c573950>
2025-04-11 11:45:47 [INFO] adaboost.adaboost:25 - model is <base_models.decision_stump.DecisionStump object at 0x7fb94c568770>
2025-04-11 11:45:47 [INFO] adaboost.adaboost:25 - model is <base_models.decision_stump.DecisionStump object at 0x7fb94c56b410>
2025-04-11 11:45:47 [INFO] adaboost.adaboost:25 - model is <base_models.decision_stump.DecisionStump object at 0x7fb94fb59640>
2025-04-11 11:45:47 [INFO] adaboost.adaboost:25 - model is <base_models.decision_stump.DecisionStump object at 0x7fb94cb88c50>
2025-04-11 11:45:48 [INFO] adaboost.adaboost:25 - model is <base_models.decision_stump.DecisionStump object at 0x7fb94c568e90>
2025-04-11 11:45:48 [INFO] adaboost.adaboost:25 - model is <base_models.decision_stump.DecisionStump object at 0x7fb94c57c4d0>
2025-04-11 11:45:48 [INFO] adaboost.adaboost:25 - model is <base_models.decision_stump.DecisionStump object at 0x7fb94c57c350>
2025-04-11 11:45:49 [INFO] adaboost.adaboost:25 - model is <base_models.decision_stump.DecisionStump object at 0x7fb94cc989e0>
2025-04-11 11:45:49 [INFO] adaboost.adaboost:25 - model is <base_models.decision_stump.DecisionStump object at 0x7fb94fbcc380>
2025-04-11 11:45:49 [INFO] adaboost.adaboost:25 - model is <base_models.decision_stump.DecisionStump object at 0x7fb94c573950>
2025-04-11 11:45:50 [INFO] adaboost.adaboost:25 - model is <base_models.decision_stump.DecisionStump object at 0x7fb94fbccf50>
2025-04-11 11:45:50 [INFO] adaboost.adaboost:25 - model is <base_models.decision_stump.DecisionStump object at 0x7fb94c568770>
2025-04-11 11:45:50 [INFO] adaboost.adaboost:25 - model is <base_models.decision_stump.DecisionStump object at 0x7fb94c568710>
2025-04-11 11:45:51 [INFO] adaboost.adaboost:25 - model is <base_models.decision_stump.DecisionStump object at 0x7fb94c56b410>
2025-04-11 11:45:51 [INFO] adaboost.adaboost:25 - model is <base_models.decision_stump.DecisionStump object at 0x7fb94c5686b0>
2025-04-11 11:45:51 [INFO] adaboost.adaboost:25 - model is <base_models.decision_stump.DecisionStump object at 0x7fb94c57bad0>
2025-04-11 11:45:51 [INFO] adaboost.adaboost:25 - model is <base_models.decision_stump.DecisionStump object at 0x7fb94c57b530>
2025-04-11 11:45:52 [INFO] adaboost.adaboost:25 - model is <base_models.decision_stump.DecisionStump object at 0x7fb94d179ca0>
2025-04-11 11:45:52 [INFO] adaboost.adaboost:25 - model is <base_models.decision_stump.DecisionStump object at 0x7fb94fb59640>
2025-04-11 11:45:52 [INFO] adaboost.adaboost:25 - model is <base_models.decision_stump.DecisionStump object at 0x7fb94fbcc380>
2025-04-11 11:45:53 [INFO] adaboost.adaboost:25 - model is <base_models.decision_stump.DecisionStump object at 0x7fb94c568770>
2025-04-11 11:45:53 [INFO] adaboost.adaboost:25 - model is <base_models.decision_stump.DecisionStump object at 0x7fb94c5687d0>
2025-04-11 11:45:53 [INFO] adaboost.adaboost:25 - model is <base_models.decision_stump.DecisionStump object at 0x7fb94c568710>
2025-04-11 11:45:54 [INFO] adaboost.adaboost:25 - model is <base_models.decision_stump.DecisionStump object at 0x7fb94c56b410>
2025-04-11 11:45:54 [INFO] adaboost.adaboost:25 - model is <base_models.decision_stump.DecisionStump object at 0x7fb94c57c830>
2025-04-11 11:45:54 [INFO] adaboost.adaboost:25 - model is <base_models.decision_stump.DecisionStump object at 0x7fb94c57c650>
2025-04-11 11:45:55 [INFO] adaboost.adaboost:25 - model is <base_models.decision_stump.DecisionStump object at 0x7fb94c57c410>
2025-04-11 11:45:55 [INFO] adaboost.adaboost:25 - model is <base_models.decision_stump.DecisionStump object at 0x7fb94cd845c0>
2025-04-11 11:45:55 [INFO] adaboost.adaboost:25 - model is <base_models.decision_stump.DecisionStump object at 0x7fb94fbcce60>
2025-04-11 11:45:55 [INFO] adaboost.adaboost:25 - model is <base_models.decision_stump.DecisionStump object at 0x7fb94fb59640>
2025-04-11 11:45:56 [INFO] adaboost.adaboost:25 - model is <base_models.decision_stump.DecisionStump object at 0x7fb94c568770>
2025-04-11 11:45:56 [INFO] adaboost.adaboost:25 - model is <base_models.decision_stump.DecisionStump object at 0x7fb94c56a570>
2025-04-11 11:45:56 [INFO] adaboost.adaboost:25 - model is <base_models.decision_stump.DecisionStump object at 0x7fb94c5687d0>
2025-04-11 11:45:57 [INFO] adaboost.adaboost:25 - model is <base_models.decision_stump.DecisionStump object at 0x7fb94c573950>
2025-04-11 11:45:57 [INFO] adaboost.adaboost:25 - model is <base_models.decision_stump.DecisionStump object at 0x7fb94c568710>
2025-04-11 11:45:57 [INFO] adaboost.adaboost:25 - model is <base_models.decision_stump.DecisionStump object at 0x7fb94c57b8f0>
2025-04-11 11:45:58 [INFO] adaboost.adaboost:25 - model is <base_models.decision_stump.DecisionStump object at 0x7fb94c57b770>
2025-04-11 11:45:58 [INFO] adaboost.adaboost:25 - model is <base_models.decision_stump.DecisionStump object at 0x7fb94cd845c0>
2025-04-11 11:45:58 [INFO] adaboost.adaboost:25 - model is <base_models.decision_stump.DecisionStump object at 0x7fb94fbccf50>
2025-04-11 11:45:59 [INFO] adaboost.adaboost:25 - model is <base_models.decision_stump.DecisionStump object at 0x7fb94c5737d0>
2025-04-11 11:45:59 [INFO] adaboost.adaboost:25 - model is <base_models.decision_stump.DecisionStump object at 0x7fb94fbcce60>
2025-04-11 11:45:59 [INFO] adaboost.adaboost:25 - model is <base_models.decision_stump.DecisionStump object at 0x7fb94c568770>
2025-04-11 11:45:59 [INFO] adaboost.adaboost:25 - model is <base_models.decision_stump.DecisionStump object at 0x7fb94c568e90>
2025-04-11 11:46:00 [INFO] adaboost.adaboost:25 - model is <base_models.decision_stump.DecisionStump object at 0x7fb94c56a570>
2025-04-11 11:46:00 [INFO] adaboost.adaboost:25 - model is <base_models.decision_stump.DecisionStump object at 0x7fb94c5687d0>
2025-04-11 11:46:00 [INFO] adaboost.adaboost:25 - model is <base_models.decision_stump.DecisionStump object at 0x7fb94c57c470>
2025-04-11 11:46:01 [INFO] adaboost.adaboost:25 - model is <base_models.decision_stump.DecisionStump object at 0x7fb94c57c890>
2025-04-11 11:46:01 [INFO] adaboost.adaboost:25 - model is <base_models.decision_stump.DecisionStump object at 0x7fb94c56e270>
2025-04-11 11:46:01 [INFO] adaboost.adaboost:25 - model is <base_models.decision_stump.DecisionStump object at 0x7fb94fbcc380>
2025-04-11 11:46:02 [INFO] adaboost.adaboost:25 - model is <base_models.decision_stump.DecisionStump object at 0x7fb94c5737d0>
2025-04-11 11:46:02 [INFO] adaboost.adaboost:25 - model is <base_models.decision_stump.DecisionStump object at 0x7fb94fbccf50>
2025-04-11 11:46:02 [INFO] adaboost.adaboost:25 - model is <base_models.decision_stump.DecisionStump object at 0x7fb94c568770>
2025-04-11 11:46:03 [INFO] adaboost.adaboost:25 - model is <base_models.decision_stump.DecisionStump object at 0x7fb94c5686b0>
2025-04-11 11:46:03 [INFO] adaboost.adaboost:25 - model is <base_models.decision_stump.DecisionStump object at 0x7fb94c568e90>
2025-04-11 11:46:03 [INFO] adaboost.adaboost:25 - model is <base_models.decision_stump.DecisionStump object at 0x7fb94c56a570>
2025-04-11 11:46:03 [INFO] adaboost.adaboost:25 - model is <base_models.decision_stump.DecisionStump object at 0x7fb94c57bcb0>
2025-04-11 11:46:04 [INFO] adaboost.adaboost:25 - model is <base_models.decision_stump.DecisionStump object at 0x7fb94c57b7d0>
2025-04-11 11:46:04 [INFO] adaboost.adaboost:25 - model is <base_models.decision_stump.DecisionStump object at 0x7fb94cc989e0>
2025-04-11 11:46:04 [INFO] adaboost.adaboost:25 - model is <base_models.decision_stump.DecisionStump object at 0x7fb94fbcce60>
2025-04-11 11:46:05 [INFO] adaboost.adaboost:25 - model is <base_models.decision_stump.DecisionStump object at 0x7fb94c5737d0>
2025-04-11 11:46:05 [INFO] adaboost.adaboost:25 - model is <base_models.decision_stump.DecisionStump object at 0x7fb94fbcc380>
2025-04-11 11:46:05 [INFO] adaboost.adaboost:25 - model is <base_models.decision_stump.DecisionStump object at 0x7fb94c568770>
2025-04-11 11:46:06 [INFO] adaboost.adaboost:25 - model is <base_models.decision_stump.DecisionStump object at 0x7fb94c56b410>
2025-04-11 11:46:06 [INFO] adaboost.adaboost:25 - model is <base_models.decision_stump.DecisionStump object at 0x7fb94c5686b0>
2025-04-11 11:46:06 [INFO] adaboost.adaboost:25 - model is <base_models.decision_stump.DecisionStump object at 0x7fb94c568e90>
2025-04-11 11:46:07 [INFO] adaboost.adaboost:25 - model is <base_models.decision_stump.DecisionStump object at 0x7fb94c57c830>
2025-04-11 11:46:07 [INFO] adaboost.adaboost:25 - model is <base_models.decision_stump.DecisionStump object at 0x7fb94c57ca70>
2025-04-11 11:46:07 [INFO] adaboost.adaboost:25 - model is <base_models.decision_stump.DecisionStump object at 0x7fb94d179ca0>
2025-04-11 11:46:07 [INFO] adaboost.adaboost:25 - model is <base_models.decision_stump.DecisionStump object at 0x7fb94fbccf50>
2025-04-11 11:46:08 [INFO] adaboost.adaboost:25 - model is <base_models.decision_stump.DecisionStump object at 0x7fb94c5737d0>
2025-04-11 11:46:08 [INFO] adaboost.adaboost:25 - model is <base_models.decision_stump.DecisionStump object at 0x7fb94fbcce60>
2025-04-11 11:46:08 [INFO] adaboost.adaboost:25 - model is <base_models.decision_stump.DecisionStump object at 0x7fb94c568770>
2025-04-11 11:46:09 [INFO] adaboost.adaboost:25 - model is <base_models.decision_stump.DecisionStump object at 0x7fb94c568710>
2025-04-11 11:46:09 [INFO] adaboost.adaboost:25 - model is <base_models.decision_stump.DecisionStump object at 0x7fb94c56b410>
2025-04-11 11:46:09 [INFO] adaboost.adaboost:25 - model is <base_models.decision_stump.DecisionStump object at 0x7fb94c5686b0>
2025-04-11 11:46:10 [INFO] adaboost.adaboost:25 - model is <base_models.decision_stump.DecisionStump object at 0x7fb94c57b8f0>
2025-04-11 11:46:10 [INFO] adaboost.adaboost:25 - model is <base_models.decision_stump.DecisionStump object at 0x7fb94c57ba70>
2025-04-11 11:46:10 [INFO] adaboost.adaboost:25 - model is <base_models.decision_stump.DecisionStump object at 0x7fb94cb88c50>
2025-04-11 11:46:11 [INFO] adaboost.adaboost:25 - model is <base_models.decision_stump.DecisionStump object at 0x7fb94fbcc380>
2025-04-11 11:46:11 [INFO] adaboost.adaboost:25 - model is <base_models.decision_stump.DecisionStump object at 0x7fb94c5737d0>
2025-04-11 11:46:11 [INFO] adaboost.adaboost:25 - model is <base_models.decision_stump.DecisionStump object at 0x7fb94fbccf50>
2025-04-11 11:46:11 [INFO] adaboost.adaboost:25 - model is <base_models.decision_stump.DecisionStump object at 0x7fb94c568770>
2025-04-11 11:46:12 [INFO] adaboost.adaboost:25 - model is <base_models.decision_stump.DecisionStump object at 0x7fb94c5687d0>
2025-04-11 11:46:12 [INFO] adaboost.adaboost:25 - model is <base_models.decision_stump.DecisionStump object at 0x7fb94c568710>
2025-04-11 11:46:12 [INFO] adaboost.adaboost:25 - model is <base_models.decision_stump.DecisionStump object at 0x7fb94c56b410>
2025-04-11 11:46:13 [INFO] adaboost.adaboost:25 - model is <base_models.decision_stump.DecisionStump object at 0x7fb94c57c470>
2025-04-11 11:46:13 [INFO] adaboost.adaboost:25 - model is <base_models.decision_stump.DecisionStump object at 0x7fb94c57c9b0>
2025-04-11 11:46:13 [INFO] __main__:87 - 完成基分类器数目=10 的10折输出
2025-04-11 11:46:13 [INFO] adaboost.adaboost:25 - model is <base_models.decision_stump.DecisionStump object at 0x7fb94cd845c0>
2025-04-11 11:46:14 [INFO] adaboost.adaboost:25 - model is <base_models.decision_stump.DecisionStump object at 0x7fb94fbcce60>
2025-04-11 11:46:14 [INFO] adaboost.adaboost:25 - model is <base_models.decision_stump.DecisionStump object at 0x7fb94c5737d0>
2025-04-11 11:46:14 [INFO] adaboost.adaboost:25 - model is <base_models.decision_stump.DecisionStump object at 0x7fb94fbcc380>
2025-04-11 11:46:15 [INFO] adaboost.adaboost:25 - model is <base_models.decision_stump.DecisionStump object at 0x7fb94c568770>
2025-04-11 11:46:15 [INFO] adaboost.adaboost:25 - model is <base_models.decision_stump.DecisionStump object at 0x7fb94c56a570>
2025-04-11 11:46:15 [INFO] adaboost.adaboost:25 - model is <base_models.decision_stump.DecisionStump object at 0x7fb94c5687d0>
2025-04-11 11:46:15 [INFO] adaboost.adaboost:25 - model is <base_models.decision_stump.DecisionStump object at 0x7fb94c568710>
2025-04-11 11:46:16 [INFO] adaboost.adaboost:25 - model is <base_models.decision_stump.DecisionStump object at 0x7fb94c57bcb0>
2025-04-11 11:46:16 [INFO] adaboost.adaboost:25 - model is <base_models.decision_stump.DecisionStump object at 0x7fb94c57ba10>
2025-04-11 11:46:16 [INFO] adaboost.adaboost:25 - model is <base_models.decision_stump.DecisionStump object at 0x7fb94c57b8f0>
2025-04-11 11:46:17 [INFO] adaboost.adaboost:25 - model is <base_models.decision_stump.DecisionStump object at 0x7fb94c57ba70>
2025-04-11 11:46:17 [INFO] adaboost.adaboost:25 - model is <base_models.decision_stump.DecisionStump object at 0x7fb94c57be90>
2025-04-11 11:46:17 [INFO] adaboost.adaboost:25 - model is <base_models.decision_stump.DecisionStump object at 0x7fb94c57bf50>
2025-04-11 11:46:18 [INFO] adaboost.adaboost:25 - model is <base_models.decision_stump.DecisionStump object at 0x7fb94c578290>
2025-04-11 11:46:18 [INFO] adaboost.adaboost:25 - model is <base_models.decision_stump.DecisionStump object at 0x7fb94c5782f0>
2025-04-11 11:46:18 [INFO] adaboost.adaboost:25 - model is <base_models.decision_stump.DecisionStump object at 0x7fb94c57b230>
2025-04-11 11:46:19 [INFO] adaboost.adaboost:25 - model is <base_models.decision_stump.DecisionStump object at 0x7fb94c57b2f0>
2025-04-11 11:46:19 [INFO] adaboost.adaboost:25 - model is <base_models.decision_stump.DecisionStump object at 0x7fb94c57b410>
2025-04-11 11:46:19 [INFO] adaboost.adaboost:25 - model is <base_models.decision_stump.DecisionStump object at 0x7fb94c57b590>
2025-04-11 11:46:19 [INFO] adaboost.adaboost:25 - model is <base_models.decision_stump.DecisionStump object at 0x7fb94c57b6b0>
2025-04-11 11:46:20 [INFO] adaboost.adaboost:25 - model is <base_models.decision_stump.DecisionStump object at 0x7fb94c57b290>
2025-04-11 11:46:20 [INFO] adaboost.adaboost:25 - model is <base_models.decision_stump.DecisionStump object at 0x7fb94c578170>
2025-04-11 11:46:20 [INFO] adaboost.adaboost:25 - model is <base_models.decision_stump.DecisionStump object at 0x7fb94c57bb90>
2025-04-11 11:46:21 [INFO] adaboost.adaboost:25 - model is <base_models.decision_stump.DecisionStump object at 0x7fb94c57b830>
2025-04-11 11:46:21 [INFO] adaboost.adaboost:25 - model is <base_models.decision_stump.DecisionStump object at 0x7fb94c57b890>
2025-04-11 11:46:21 [INFO] adaboost.adaboost:25 - model is <base_models.decision_stump.DecisionStump object at 0x7fb94c57b470>
2025-04-11 11:46:22 [INFO] adaboost.adaboost:25 - model is <base_models.decision_stump.DecisionStump object at 0x7fb94c57bb30>
2025-04-11 11:46:22 [INFO] adaboost.adaboost:25 - model is <base_models.decision_stump.DecisionStump object at 0x7fb94cc989e0>
2025-04-11 11:46:22 [INFO] adaboost.adaboost:25 - model is <base_models.decision_stump.DecisionStump object at 0x7fb94c57b7d0>
2025-04-11 11:46:23 [INFO] adaboost.adaboost:25 - model is <base_models.decision_stump.DecisionStump object at 0x7fb94c57c470>
2025-04-11 11:46:23 [INFO] adaboost.adaboost:25 - model is <base_models.decision_stump.DecisionStump object at 0x7fb94c57c4d0>
2025-04-11 11:46:23 [INFO] adaboost.adaboost:25 - model is <base_models.decision_stump.DecisionStump object at 0x7fb94c57c9b0>
2025-04-11 11:46:23 [INFO] adaboost.adaboost:25 - model is <base_models.decision_stump.DecisionStump object at 0x7fb94c57cdd0>
2025-04-11 11:46:24 [INFO] adaboost.adaboost:25 - model is <base_models.decision_stump.DecisionStump object at 0x7fb94c57ce90>
2025-04-11 11:46:24 [INFO] adaboost.adaboost:25 - model is <base_models.decision_stump.DecisionStump object at 0x7fb94c57cf50>
2025-04-11 11:46:24 [INFO] adaboost.adaboost:25 - model is <base_models.decision_stump.DecisionStump object at 0x7fb94c57d010>
2025-04-11 11:46:25 [INFO] adaboost.adaboost:25 - model is <base_models.decision_stump.DecisionStump object at 0x7fb94c57d0d0>
2025-04-11 11:46:25 [INFO] adaboost.adaboost:25 - model is <base_models.decision_stump.DecisionStump object at 0x7fb94c57d190>
2025-04-11 11:46:25 [INFO] adaboost.adaboost:25 - model is <base_models.decision_stump.DecisionStump object at 0x7fb94c57d250>
2025-04-11 11:46:26 [INFO] adaboost.adaboost:25 - model is <base_models.decision_stump.DecisionStump object at 0x7fb94c57d310>
2025-04-11 11:46:26 [INFO] adaboost.adaboost:25 - model is <base_models.decision_stump.DecisionStump object at 0x7fb94c57d3d0>
2025-04-11 11:46:26 [INFO] adaboost.adaboost:25 - model is <base_models.decision_stump.DecisionStump object at 0x7fb94c57d490>
2025-04-11 11:46:27 [INFO] adaboost.adaboost:25 - model is <base_models.decision_stump.DecisionStump object at 0x7fb94c57d550>
2025-04-11 11:46:27 [INFO] adaboost.adaboost:25 - model is <base_models.decision_stump.DecisionStump object at 0x7fb94c57d610>
2025-04-11 11:46:27 [INFO] adaboost.adaboost:25 - model is <base_models.decision_stump.DecisionStump object at 0x7fb94c57d6d0>
2025-04-11 11:46:28 [INFO] adaboost.adaboost:25 - model is <base_models.decision_stump.DecisionStump object at 0x7fb94c57d790>
2025-04-11 11:46:28 [INFO] adaboost.adaboost:25 - model is <base_models.decision_stump.DecisionStump object at 0x7fb94c57d850>
2025-04-11 11:46:28 [INFO] adaboost.adaboost:25 - model is <base_models.decision_stump.DecisionStump object at 0x7fb94c57d910>
2025-04-11 11:46:28 [INFO] adaboost.adaboost:25 - model is <base_models.decision_stump.DecisionStump object at 0x7fb94c57d9d0>
2025-04-11 11:46:29 [INFO] adaboost.adaboost:25 - model is <base_models.decision_stump.DecisionStump object at 0x7fb94c57da90>
2025-04-11 11:46:29 [INFO] adaboost.adaboost:25 - model is <base_models.decision_stump.DecisionStump object at 0x7fb94c57db50>
2025-04-11 11:46:29 [INFO] adaboost.adaboost:25 - model is <base_models.decision_stump.DecisionStump object at 0x7fb94c57dc10>
2025-04-11 11:46:30 [INFO] adaboost.adaboost:25 - model is <base_models.decision_stump.DecisionStump object at 0x7fb94c57dcd0>
2025-04-11 11:46:30 [INFO] adaboost.adaboost:25 - model is <base_models.decision_stump.DecisionStump object at 0x7fb94c57dd90>
2025-04-11 11:46:30 [INFO] adaboost.adaboost:25 - model is <base_models.decision_stump.DecisionStump object at 0x7fb94c57de50>
2025-04-11 11:46:31 [INFO] adaboost.adaboost:25 - model is <base_models.decision_stump.DecisionStump object at 0x7fb94c57df10>
2025-04-11 11:46:31 [INFO] adaboost.adaboost:25 - model is <base_models.decision_stump.DecisionStump object at 0x7fb94c57dfd0>
2025-04-11 11:46:31 [INFO] adaboost.adaboost:25 - model is <base_models.decision_stump.DecisionStump object at 0x7fb94c57e090>
2025-04-11 11:46:32 [INFO] adaboost.adaboost:25 - model is <base_models.decision_stump.DecisionStump object at 0x7fb94c57e150>
2025-04-11 11:46:32 [INFO] adaboost.adaboost:25 - model is <base_models.decision_stump.DecisionStump object at 0x7fb94c57e210>
2025-04-11 11:46:32 [INFO] adaboost.adaboost:25 - model is <base_models.decision_stump.DecisionStump object at 0x7fb94c57e2d0>
2025-04-11 11:46:32 [INFO] adaboost.adaboost:25 - model is <base_models.decision_stump.DecisionStump object at 0x7fb94c57e390>
2025-04-11 11:46:33 [INFO] adaboost.adaboost:25 - model is <base_models.decision_stump.DecisionStump object at 0x7fb94c57e450>
2025-04-11 11:46:33 [INFO] adaboost.adaboost:25 - model is <base_models.decision_stump.DecisionStump object at 0x7fb94c57e510>
2025-04-11 11:46:33 [INFO] adaboost.adaboost:25 - model is <base_models.decision_stump.DecisionStump object at 0x7fb94c57e5d0>
2025-04-11 11:46:34 [INFO] adaboost.adaboost:25 - model is <base_models.decision_stump.DecisionStump object at 0x7fb94c57e690>
2025-04-11 11:46:34 [INFO] adaboost.adaboost:25 - model is <base_models.decision_stump.DecisionStump object at 0x7fb94c57e750>
2025-04-11 11:46:34 [INFO] adaboost.adaboost:25 - model is <base_models.decision_stump.DecisionStump object at 0x7fb94c57e810>
2025-04-11 11:46:35 [INFO] adaboost.adaboost:25 - model is <base_models.decision_stump.DecisionStump object at 0x7fb94c57e8d0>
2025-04-11 11:46:35 [INFO] adaboost.adaboost:25 - model is <base_models.decision_stump.DecisionStump object at 0x7fb94c57e990>
2025-04-11 11:46:35 [INFO] adaboost.adaboost:25 - model is <base_models.decision_stump.DecisionStump object at 0x7fb94c57ea50>
2025-04-11 11:46:36 [INFO] adaboost.adaboost:25 - model is <base_models.decision_stump.DecisionStump object at 0x7fb94c57eb10>
2025-04-11 11:46:36 [INFO] adaboost.adaboost:25 - model is <base_models.decision_stump.DecisionStump object at 0x7fb94c57ebd0>
2025-04-11 11:46:36 [INFO] adaboost.adaboost:25 - model is <base_models.decision_stump.DecisionStump object at 0x7fb94c57ec90>
2025-04-11 11:46:36 [INFO] adaboost.adaboost:25 - model is <base_models.decision_stump.DecisionStump object at 0x7fb94c57ed50>
2025-04-11 11:46:37 [INFO] adaboost.adaboost:25 - model is <base_models.decision_stump.DecisionStump object at 0x7fb94c57ee10>
2025-04-11 11:46:37 [INFO] adaboost.adaboost:25 - model is <base_models.decision_stump.DecisionStump object at 0x7fb94c57eed0>
2025-04-11 11:46:37 [INFO] adaboost.adaboost:25 - model is <base_models.decision_stump.DecisionStump object at 0x7fb94c57ef90>
2025-04-11 11:46:38 [INFO] adaboost.adaboost:25 - model is <base_models.decision_stump.DecisionStump object at 0x7fb94c57f050>
2025-04-11 11:46:38 [INFO] adaboost.adaboost:25 - model is <base_models.decision_stump.DecisionStump object at 0x7fb94c57f110>
2025-04-11 11:46:38 [INFO] adaboost.adaboost:25 - model is <base_models.decision_stump.DecisionStump object at 0x7fb94c57f1d0>
2025-04-11 11:46:39 [INFO] adaboost.adaboost:25 - model is <base_models.decision_stump.DecisionStump object at 0x7fb94c57f290>
2025-04-11 11:46:39 [INFO] adaboost.adaboost:25 - model is <base_models.decision_stump.DecisionStump object at 0x7fb94c57f350>
2025-04-11 11:46:39 [INFO] adaboost.adaboost:25 - model is <base_models.decision_stump.DecisionStump object at 0x7fb94c57f410>
2025-04-11 11:46:40 [INFO] adaboost.adaboost:25 - model is <base_models.decision_stump.DecisionStump object at 0x7fb94c57f4d0>
2025-04-11 11:46:40 [INFO] adaboost.adaboost:25 - model is <base_models.decision_stump.DecisionStump object at 0x7fb94c57f590>
2025-04-11 11:46:40 [INFO] adaboost.adaboost:25 - model is <base_models.decision_stump.DecisionStump object at 0x7fb94c57f650>
2025-04-11 11:46:40 [INFO] adaboost.adaboost:25 - model is <base_models.decision_stump.DecisionStump object at 0x7fb94c57f710>
2025-04-11 11:46:41 [INFO] adaboost.adaboost:25 - model is <base_models.decision_stump.DecisionStump object at 0x7fb94c57f7d0>
2025-04-11 11:46:41 [INFO] adaboost.adaboost:25 - model is <base_models.decision_stump.DecisionStump object at 0x7fb94c57f890>
2025-04-11 11:46:41 [INFO] adaboost.adaboost:25 - model is <base_models.decision_stump.DecisionStump object at 0x7fb94c57f950>
2025-04-11 11:46:42 [INFO] adaboost.adaboost:25 - model is <base_models.decision_stump.DecisionStump object at 0x7fb94c57fa10>
2025-04-11 11:46:42 [INFO] adaboost.adaboost:25 - model is <base_models.decision_stump.DecisionStump object at 0x7fb94c57fad0>
2025-04-11 11:46:42 [INFO] adaboost.adaboost:25 - model is <base_models.decision_stump.DecisionStump object at 0x7fb94c57fb90>
2025-04-11 11:46:43 [INFO] adaboost.adaboost:25 - model is <base_models.decision_stump.DecisionStump object at 0x7fb94c57fc50>
2025-04-11 11:46:43 [INFO] adaboost.adaboost:25 - model is <base_models.decision_stump.DecisionStump object at 0x7fb94c57fd10>
2025-04-11 11:46:43 [INFO] adaboost.adaboost:25 - model is <base_models.decision_stump.DecisionStump object at 0x7fb94c57fdd0>
2025-04-11 11:46:44 [INFO] adaboost.adaboost:25 - model is <base_models.decision_stump.DecisionStump object at 0x7fb94c57fe90>
2025-04-11 11:46:44 [INFO] adaboost.adaboost:25 - model is <base_models.decision_stump.DecisionStump object at 0x7fb94c57ff50>
2025-04-11 11:46:44 [INFO] adaboost.adaboost:25 - model is <base_models.decision_stump.DecisionStump object at 0x7fb94cd5b2c0>
2025-04-11 11:46:44 [INFO] adaboost.adaboost:25 - model is <base_models.decision_stump.DecisionStump object at 0x7fb94fbccf50>
2025-04-11 11:46:45 [INFO] adaboost.adaboost:25 - model is <base_models.decision_stump.DecisionStump object at 0x7fb94c5737d0>
2025-04-11 11:46:45 [INFO] adaboost.adaboost:25 - model is <base_models.decision_stump.DecisionStump object at 0x7fb94fbcce60>
2025-04-11 11:46:45 [INFO] adaboost.adaboost:25 - model is <base_models.decision_stump.DecisionStump object at 0x7fb94c568770>
2025-04-11 11:46:46 [INFO] adaboost.adaboost:25 - model is <base_models.decision_stump.DecisionStump object at 0x7fb94c568e90>
2025-04-11 11:46:46 [INFO] adaboost.adaboost:25 - model is <base_models.decision_stump.DecisionStump object at 0x7fb94cc989e0>
2025-04-11 11:46:46 [INFO] adaboost.adaboost:25 - model is <base_models.decision_stump.DecisionStump object at 0x7fb94c5687d0>
2025-04-11 11:46:47 [INFO] adaboost.adaboost:25 - model is <base_models.decision_stump.DecisionStump object at 0x7fb94c57bdd0>
2025-04-11 11:46:47 [INFO] adaboost.adaboost:25 - model is <base_models.decision_stump.DecisionStump object at 0x7fb94c57bcb0>
2025-04-11 11:46:47 [INFO] adaboost.adaboost:25 - model is <base_models.decision_stump.DecisionStump object at 0x7fb94c57bad0>
2025-04-11 11:46:48 [INFO] adaboost.adaboost:25 - model is <base_models.decision_stump.DecisionStump object at 0x7fb94c57b530>
2025-04-11 11:46:48 [INFO] adaboost.adaboost:25 - model is <base_models.decision_stump.DecisionStump object at 0x7fb94c57bef0>
2025-04-11 11:46:48 [INFO] adaboost.adaboost:25 - model is <base_models.decision_stump.DecisionStump object at 0x7fb94c57bfb0>
2025-04-11 11:46:48 [INFO] adaboost.adaboost:25 - model is <base_models.decision_stump.DecisionStump object at 0x7fb94c5780b0>
2025-04-11 11:46:49 [INFO] adaboost.adaboost:25 - model is <base_models.decision_stump.DecisionStump object at 0x7fb94c578230>
2025-04-11 11:46:49 [INFO] adaboost.adaboost:25 - model is <base_models.decision_stump.DecisionStump object at 0x7fb94c57b3b0>
2025-04-11 11:46:49 [INFO] adaboost.adaboost:25 - model is <base_models.decision_stump.DecisionStump object at 0x7fb94c57b350>
2025-04-11 11:46:50 [INFO] adaboost.adaboost:25 - model is <base_models.decision_stump.DecisionStump object at 0x7fb94c57b650>
2025-04-11 11:46:50 [INFO] adaboost.adaboost:25 - model is <base_models.decision_stump.DecisionStump object at 0x7fb94c57b710>
2025-04-11 11:46:50 [INFO] adaboost.adaboost:25 - model is <base_models.decision_stump.DecisionStump object at 0x7fb94c57b4d0>
2025-04-11 11:46:51 [INFO] adaboost.adaboost:25 - model is <base_models.decision_stump.DecisionStump object at 0x7fb94c57b1d0>
2025-04-11 11:46:51 [INFO] adaboost.adaboost:25 - model is <base_models.decision_stump.DecisionStump object at 0x7fb94c57bc50>
2025-04-11 11:46:51 [INFO] adaboost.adaboost:25 - model is <base_models.decision_stump.DecisionStump object at 0x7fb94c57bd10>
2025-04-11 11:46:52 [INFO] adaboost.adaboost:25 - model is <base_models.decision_stump.DecisionStump object at 0x7fb94c57b9b0>
2025-04-11 11:46:52 [INFO] adaboost.adaboost:25 - model is <base_models.decision_stump.DecisionStump object at 0x7fb94c57b5f0>
2025-04-11 11:46:52 [INFO] adaboost.adaboost:25 - model is <base_models.decision_stump.DecisionStump object at 0x7fb94c57b950>
2025-04-11 11:46:52 [INFO] adaboost.adaboost:25 - model is <base_models.decision_stump.DecisionStump object at 0x7fb94c57b770>
2025-04-11 11:46:53 [INFO] adaboost.adaboost:25 - model is <base_models.decision_stump.DecisionStump object at 0x7fb94c57bd70>
2025-04-11 11:46:53 [INFO] adaboost.adaboost:25 - model is <base_models.decision_stump.DecisionStump object at 0x7fb94c57be30>
2025-04-11 11:46:53 [INFO] adaboost.adaboost:25 - model is <base_models.decision_stump.DecisionStump object at 0x7fb94c5392b0>
2025-04-11 11:46:54 [INFO] adaboost.adaboost:25 - model is <base_models.decision_stump.DecisionStump object at 0x7fb94c539220>
2025-04-11 11:46:54 [INFO] adaboost.adaboost:25 - model is <base_models.decision_stump.DecisionStump object at 0x7fb94c539310>
2025-04-11 11:46:54 [INFO] adaboost.adaboost:25 - model is <base_models.decision_stump.DecisionStump object at 0x7fb94c539370>
2025-04-11 11:46:55 [INFO] adaboost.adaboost:25 - model is <base_models.decision_stump.DecisionStump object at 0x7fb94c5393d0>
2025-04-11 11:46:55 [INFO] adaboost.adaboost:25 - model is <base_models.decision_stump.DecisionStump object at 0x7fb94c539430>
2025-04-11 11:46:55 [INFO] adaboost.adaboost:25 - model is <base_models.decision_stump.DecisionStump object at 0x7fb94c539490>
2025-04-11 11:46:56 [INFO] adaboost.adaboost:25 - model is <base_models.decision_stump.DecisionStump object at 0x7fb94c5394f0>
2025-04-11 11:46:56 [INFO] adaboost.adaboost:25 - model is <base_models.decision_stump.DecisionStump object at 0x7fb94c539550>
2025-04-11 11:46:56 [INFO] adaboost.adaboost:25 - model is <base_models.decision_stump.DecisionStump object at 0x7fb94c5395b0>
2025-04-11 11:46:56 [INFO] adaboost.adaboost:25 - model is <base_models.decision_stump.DecisionStump object at 0x7fb94c539610>
2025-04-11 11:46:57 [INFO] adaboost.adaboost:25 - model is <base_models.decision_stump.DecisionStump object at 0x7fb94c539670>
2025-04-11 11:46:57 [INFO] adaboost.adaboost:25 - model is <base_models.decision_stump.DecisionStump object at 0x7fb94c5396d0>
2025-04-11 11:46:57 [INFO] adaboost.adaboost:25 - model is <base_models.decision_stump.DecisionStump object at 0x7fb94c539730>
2025-04-11 11:46:58 [INFO] adaboost.adaboost:25 - model is <base_models.decision_stump.DecisionStump object at 0x7fb94c539790>
2025-04-11 11:46:58 [INFO] adaboost.adaboost:25 - model is <base_models.decision_stump.DecisionStump object at 0x7fb94c5397f0>
2025-04-11 11:46:58 [INFO] adaboost.adaboost:25 - model is <base_models.decision_stump.DecisionStump object at 0x7fb94c539850>
2025-04-11 11:46:59 [INFO] adaboost.adaboost:25 - model is <base_models.decision_stump.DecisionStump object at 0x7fb94c5398b0>
2025-04-11 11:46:59 [INFO] adaboost.adaboost:25 - model is <base_models.decision_stump.DecisionStump object at 0x7fb94c539910>
2025-04-11 11:46:59 [INFO] adaboost.adaboost:25 - model is <base_models.decision_stump.DecisionStump object at 0x7fb94c539970>
2025-04-11 11:47:00 [INFO] adaboost.adaboost:25 - model is <base_models.decision_stump.DecisionStump object at 0x7fb94c5399d0>
2025-04-11 11:47:00 [INFO] adaboost.adaboost:25 - model is <base_models.decision_stump.DecisionStump object at 0x7fb94c539a30>
2025-04-11 11:47:00 [INFO] adaboost.adaboost:25 - model is <base_models.decision_stump.DecisionStump object at 0x7fb94c539a90>
2025-04-11 11:47:01 [INFO] adaboost.adaboost:25 - model is <base_models.decision_stump.DecisionStump object at 0x7fb94c539af0>
2025-04-11 11:47:01 [INFO] adaboost.adaboost:25 - model is <base_models.decision_stump.DecisionStump object at 0x7fb94c539b50>
2025-04-11 11:47:01 [INFO] adaboost.adaboost:25 - model is <base_models.decision_stump.DecisionStump object at 0x7fb94c539bb0>
2025-04-11 11:47:01 [INFO] adaboost.adaboost:25 - model is <base_models.decision_stump.DecisionStump object at 0x7fb94c539c10>
2025-04-11 11:47:02 [INFO] adaboost.adaboost:25 - model is <base_models.decision_stump.DecisionStump object at 0x7fb94c539c70>
2025-04-11 11:47:02 [INFO] adaboost.adaboost:25 - model is <base_models.decision_stump.DecisionStump object at 0x7fb94c539ca0>
2025-04-11 11:47:02 [INFO] adaboost.adaboost:25 - model is <base_models.decision_stump.DecisionStump object at 0x7fb94c539d00>
2025-04-11 11:47:03 [INFO] adaboost.adaboost:25 - model is <base_models.decision_stump.DecisionStump object at 0x7fb94c539d60>
2025-04-11 11:47:03 [INFO] adaboost.adaboost:25 - model is <base_models.decision_stump.DecisionStump object at 0x7fb94c539dc0>
2025-04-11 11:47:03 [INFO] adaboost.adaboost:25 - model is <base_models.decision_stump.DecisionStump object at 0x7fb94c539e20>
2025-04-11 11:47:04 [INFO] adaboost.adaboost:25 - model is <base_models.decision_stump.DecisionStump object at 0x7fb94c539e80>
2025-04-11 11:47:04 [INFO] adaboost.adaboost:25 - model is <base_models.decision_stump.DecisionStump object at 0x7fb94c539ee0>
2025-04-11 11:47:04 [INFO] adaboost.adaboost:25 - model is <base_models.decision_stump.DecisionStump object at 0x7fb94c539f40>
2025-04-11 11:47:05 [INFO] adaboost.adaboost:25 - model is <base_models.decision_stump.DecisionStump object at 0x7fb94c539fa0>
2025-04-11 11:47:05 [INFO] adaboost.adaboost:25 - model is <base_models.decision_stump.DecisionStump object at 0x7fb94c53a000>
2025-04-11 11:47:05 [INFO] adaboost.adaboost:25 - model is <base_models.decision_stump.DecisionStump object at 0x7fb94c53a060>
2025-04-11 11:47:05 [INFO] adaboost.adaboost:25 - model is <base_models.decision_stump.DecisionStump object at 0x7fb94c53a0c0>
2025-04-11 11:47:06 [INFO] adaboost.adaboost:25 - model is <base_models.decision_stump.DecisionStump object at 0x7fb94c53a120>
2025-04-11 11:47:06 [INFO] adaboost.adaboost:25 - model is <base_models.decision_stump.DecisionStump object at 0x7fb94c53a180>
2025-04-11 11:47:06 [INFO] adaboost.adaboost:25 - model is <base_models.decision_stump.DecisionStump object at 0x7fb94c53a1e0>
2025-04-11 11:47:07 [INFO] adaboost.adaboost:25 - model is <base_models.decision_stump.DecisionStump object at 0x7fb94c53a240>
2025-04-11 11:47:07 [INFO] adaboost.adaboost:25 - model is <base_models.decision_stump.DecisionStump object at 0x7fb94c53a2a0>
2025-04-11 11:47:07 [INFO] adaboost.adaboost:25 - model is <base_models.decision_stump.DecisionStump object at 0x7fb94c53a300>
2025-04-11 11:47:08 [INFO] adaboost.adaboost:25 - model is <base_models.decision_stump.DecisionStump object at 0x7fb94c53a360>
2025-04-11 11:47:08 [INFO] adaboost.adaboost:25 - model is <base_models.decision_stump.DecisionStump object at 0x7fb94c53a3c0>
2025-04-11 11:47:08 [INFO] adaboost.adaboost:25 - model is <base_models.decision_stump.DecisionStump object at 0x7fb94c53a420>
2025-04-11 11:47:09 [INFO] adaboost.adaboost:25 - model is <base_models.decision_stump.DecisionStump object at 0x7fb94c53a480>
2025-04-11 11:47:09 [INFO] adaboost.adaboost:25 - model is <base_models.decision_stump.DecisionStump object at 0x7fb94c53a4e0>
2025-04-11 11:47:09 [INFO] adaboost.adaboost:25 - model is <base_models.decision_stump.DecisionStump object at 0x7fb94c53a540>
2025-04-11 11:47:09 [INFO] adaboost.adaboost:25 - model is <base_models.decision_stump.DecisionStump object at 0x7fb94c53a5a0>
2025-04-11 11:47:10 [INFO] adaboost.adaboost:25 - model is <base_models.decision_stump.DecisionStump object at 0x7fb94c53a600>
2025-04-11 11:47:10 [INFO] adaboost.adaboost:25 - model is <base_models.decision_stump.DecisionStump object at 0x7fb94c53a660>
2025-04-11 11:47:10 [INFO] adaboost.adaboost:25 - model is <base_models.decision_stump.DecisionStump object at 0x7fb94c53a6c0>
2025-04-11 11:47:11 [INFO] adaboost.adaboost:25 - model is <base_models.decision_stump.DecisionStump object at 0x7fb94c53a720>
2025-04-11 11:47:11 [INFO] adaboost.adaboost:25 - model is <base_models.decision_stump.DecisionStump object at 0x7fb94c53a780>
2025-04-11 11:47:11 [INFO] adaboost.adaboost:25 - model is <base_models.decision_stump.DecisionStump object at 0x7fb94c53a7e0>
2025-04-11 11:47:12 [INFO] adaboost.adaboost:25 - model is <base_models.decision_stump.DecisionStump object at 0x7fb94c53a840>
2025-04-11 11:47:12 [INFO] adaboost.adaboost:25 - model is <base_models.decision_stump.DecisionStump object at 0x7fb94c53a8a0>
2025-04-11 11:47:12 [INFO] adaboost.adaboost:25 - model is <base_models.decision_stump.DecisionStump object at 0x7fb94c53a900>
2025-04-11 11:47:13 [INFO] adaboost.adaboost:25 - model is <base_models.decision_stump.DecisionStump object at 0x7fb94c53a960>
2025-04-11 11:47:13 [INFO] adaboost.adaboost:25 - model is <base_models.decision_stump.DecisionStump object at 0x7fb94c53a9c0>
2025-04-11 11:47:13 [INFO] adaboost.adaboost:25 - model is <base_models.decision_stump.DecisionStump object at 0x7fb94c53aa20>
2025-04-11 11:47:13 [INFO] adaboost.adaboost:25 - model is <base_models.decision_stump.DecisionStump object at 0x7fb94c53aa80>
2025-04-11 11:47:14 [INFO] adaboost.adaboost:25 - model is <base_models.decision_stump.DecisionStump object at 0x7fb94c53aae0>
2025-04-11 11:47:14 [INFO] adaboost.adaboost:25 - model is <base_models.decision_stump.DecisionStump object at 0x7fb94c53ab40>
2025-04-11 11:47:14 [INFO] adaboost.adaboost:25 - model is <base_models.decision_stump.DecisionStump object at 0x7fb94c53aba0>
2025-04-11 11:47:15 [INFO] adaboost.adaboost:25 - model is <base_models.decision_stump.DecisionStump object at 0x7fb94c53ac00>
2025-04-11 11:47:15 [INFO] adaboost.adaboost:25 - model is <base_models.decision_stump.DecisionStump object at 0x7fb94cd5b2c0>
2025-04-11 11:47:15 [INFO] adaboost.adaboost:25 - model is <base_models.decision_stump.DecisionStump object at 0x7fb94fbcce60>
2025-04-11 11:47:16 [INFO] adaboost.adaboost:25 - model is <base_models.decision_stump.DecisionStump object at 0x7fb94cc989e0>
2025-04-11 11:47:16 [INFO] adaboost.adaboost:25 - model is <base_models.decision_stump.DecisionStump object at 0x7fb94c572510>
2025-04-11 11:47:16 [INFO] adaboost.adaboost:25 - model is <base_models.decision_stump.DecisionStump object at 0x7fb94c568770>
2025-04-11 11:47:17 [INFO] adaboost.adaboost:25 - model is <base_models.decision_stump.DecisionStump object at 0x7fb94c5686b0>
2025-04-11 11:47:17 [INFO] adaboost.adaboost:25 - model is <base_models.decision_stump.DecisionStump object at 0x7fb94c568e90>
2025-04-11 11:47:17 [INFO] adaboost.adaboost:25 - model is <base_models.decision_stump.DecisionStump object at 0x7fb94c56a570>
2025-04-11 11:47:17 [INFO] adaboost.adaboost:25 - model is <base_models.decision_stump.DecisionStump object at 0x7fb94c57ba10>
2025-04-11 11:47:18 [INFO] adaboost.adaboost:25 - model is <base_models.decision_stump.DecisionStump object at 0x7fb94c57bcb0>
2025-04-11 11:47:18 [INFO] adaboost.adaboost:25 - model is <base_models.decision_stump.DecisionStump object at 0x7fb94c57b8f0>
2025-04-11 11:47:18 [INFO] adaboost.adaboost:25 - model is <base_models.decision_stump.DecisionStump object at 0x7fb94c57ba70>
2025-04-11 11:47:19 [INFO] adaboost.adaboost:25 - model is <base_models.decision_stump.DecisionStump object at 0x7fb94c57be90>
2025-04-11 11:47:19 [INFO] adaboost.adaboost:25 - model is <base_models.decision_stump.DecisionStump object at 0x7fb94c57bf50>
2025-04-11 11:47:19 [INFO] adaboost.adaboost:25 - model is <base_models.decision_stump.DecisionStump object at 0x7fb94c578290>
2025-04-11 11:47:20 [INFO] adaboost.adaboost:25 - model is <base_models.decision_stump.DecisionStump object at 0x7fb94c5782f0>
2025-04-11 11:47:20 [INFO] adaboost.adaboost:25 - model is <base_models.decision_stump.DecisionStump object at 0x7fb94c57b230>
2025-04-11 11:47:20 [INFO] adaboost.adaboost:25 - model is <base_models.decision_stump.DecisionStump object at 0x7fb94c57b2f0>
2025-04-11 11:47:21 [INFO] adaboost.adaboost:25 - model is <base_models.decision_stump.DecisionStump object at 0x7fb94c57b410>
2025-04-11 11:47:21 [INFO] adaboost.adaboost:25 - model is <base_models.decision_stump.DecisionStump object at 0x7fb94c57b590>
2025-04-11 11:47:21 [INFO] adaboost.adaboost:25 - model is <base_models.decision_stump.DecisionStump object at 0x7fb94c57b6b0>
2025-04-11 11:47:21 [INFO] adaboost.adaboost:25 - model is <base_models.decision_stump.DecisionStump object at 0x7fb94c57b290>
2025-04-11 11:47:22 [INFO] adaboost.adaboost:25 - model is <base_models.decision_stump.DecisionStump object at 0x7fb94c578170>
2025-04-11 11:47:22 [INFO] adaboost.adaboost:25 - model is <base_models.decision_stump.DecisionStump object at 0x7fb94c57bb90>
2025-04-11 11:47:22 [INFO] adaboost.adaboost:25 - model is <base_models.decision_stump.DecisionStump object at 0x7fb94c57b830>
2025-04-11 11:47:23 [INFO] adaboost.adaboost:25 - model is <base_models.decision_stump.DecisionStump object at 0x7fb94c57b890>
2025-04-11 11:47:23 [INFO] adaboost.adaboost:25 - model is <base_models.decision_stump.DecisionStump object at 0x7fb94c57b470>
2025-04-11 11:47:23 [INFO] adaboost.adaboost:25 - model is <base_models.decision_stump.DecisionStump object at 0x7fb94c57bb30>
2025-04-11 11:47:24 [INFO] adaboost.adaboost:25 - model is <base_models.decision_stump.DecisionStump object at 0x7fb94c57bbf0>
2025-04-11 11:47:24 [INFO] adaboost.adaboost:25 - model is <base_models.decision_stump.DecisionStump object at 0x7fb94c57c0b0>
2025-04-11 11:47:24 [INFO] adaboost.adaboost:25 - model is <base_models.decision_stump.DecisionStump object at 0x7fb94c57c1d0>
2025-04-11 11:47:25 [INFO] adaboost.adaboost:25 - model is <base_models.decision_stump.DecisionStump object at 0x7fb94c57cbf0>
2025-04-11 11:47:25 [INFO] adaboost.adaboost:25 - model is <base_models.decision_stump.DecisionStump object at 0x7fb94c57c350>
2025-04-11 11:47:25 [INFO] adaboost.adaboost:25 - model is <base_models.decision_stump.DecisionStump object at 0x7fb94c57ce30>
2025-04-11 11:47:25 [INFO] adaboost.adaboost:25 - model is <base_models.decision_stump.DecisionStump object at 0x7fb94c57cef0>
2025-04-11 11:47:26 [INFO] adaboost.adaboost:25 - model is <base_models.decision_stump.DecisionStump object at 0x7fb94c57cfb0>
2025-04-11 11:47:26 [INFO] adaboost.adaboost:25 - model is <base_models.decision_stump.DecisionStump object at 0x7fb94c57d070>
2025-04-11 11:47:26 [INFO] adaboost.adaboost:25 - model is <base_models.decision_stump.DecisionStump object at 0x7fb94c57d130>
2025-04-11 11:47:27 [INFO] adaboost.adaboost:25 - model is <base_models.decision_stump.DecisionStump object at 0x7fb94c57d1f0>
2025-04-11 11:47:27 [INFO] adaboost.adaboost:25 - model is <base_models.decision_stump.DecisionStump object at 0x7fb94c57d2b0>
2025-04-11 11:47:27 [INFO] adaboost.adaboost:25 - model is <base_models.decision_stump.DecisionStump object at 0x7fb94c57d370>
2025-04-11 11:47:28 [INFO] adaboost.adaboost:25 - model is <base_models.decision_stump.DecisionStump object at 0x7fb94c57d430>
2025-04-11 11:47:28 [INFO] adaboost.adaboost:25 - model is <base_models.decision_stump.DecisionStump object at 0x7fb94c57d4f0>
2025-04-11 11:47:28 [INFO] adaboost.adaboost:25 - model is <base_models.decision_stump.DecisionStump object at 0x7fb94c57d5b0>
2025-04-11 11:47:29 [INFO] adaboost.adaboost:25 - model is <base_models.decision_stump.DecisionStump object at 0x7fb94c57d670>
2025-04-11 11:47:29 [INFO] adaboost.adaboost:25 - model is <base_models.decision_stump.DecisionStump object at 0x7fb94c57d730>
2025-04-11 11:47:29 [INFO] adaboost.adaboost:25 - model is <base_models.decision_stump.DecisionStump object at 0x7fb94c57d7f0>
2025-04-11 11:47:29 [INFO] adaboost.adaboost:25 - model is <base_models.decision_stump.DecisionStump object at 0x7fb94c57d8b0>
2025-04-11 11:47:30 [INFO] adaboost.adaboost:25 - model is <base_models.decision_stump.DecisionStump object at 0x7fb94c57d970>
2025-04-11 11:47:30 [INFO] adaboost.adaboost:25 - model is <base_models.decision_stump.DecisionStump object at 0x7fb94c57da30>
2025-04-11 11:47:30 [INFO] adaboost.adaboost:25 - model is <base_models.decision_stump.DecisionStump object at 0x7fb94c57daf0>
2025-04-11 11:47:31 [INFO] adaboost.adaboost:25 - model is <base_models.decision_stump.DecisionStump object at 0x7fb94c57dbb0>
2025-04-11 11:47:31 [INFO] adaboost.adaboost:25 - model is <base_models.decision_stump.DecisionStump object at 0x7fb94c57dc70>
2025-04-11 11:47:31 [INFO] adaboost.adaboost:25 - model is <base_models.decision_stump.DecisionStump object at 0x7fb94c57dd30>
2025-04-11 11:47:32 [INFO] adaboost.adaboost:25 - model is <base_models.decision_stump.DecisionStump object at 0x7fb94c57ddf0>
2025-04-11 11:47:32 [INFO] adaboost.adaboost:25 - model is <base_models.decision_stump.DecisionStump object at 0x7fb94c57deb0>
2025-04-11 11:47:32 [INFO] adaboost.adaboost:25 - model is <base_models.decision_stump.DecisionStump object at 0x7fb94c57df70>
2025-04-11 11:47:33 [INFO] adaboost.adaboost:25 - model is <base_models.decision_stump.DecisionStump object at 0x7fb94c57e030>
2025-04-11 11:47:33 [INFO] adaboost.adaboost:25 - model is <base_models.decision_stump.DecisionStump object at 0x7fb94c57e0f0>
2025-04-11 11:47:33 [INFO] adaboost.adaboost:25 - model is <base_models.decision_stump.DecisionStump object at 0x7fb94c57e1b0>
2025-04-11 11:47:34 [INFO] adaboost.adaboost:25 - model is <base_models.decision_stump.DecisionStump object at 0x7fb94c57e270>
2025-04-11 11:47:34 [INFO] adaboost.adaboost:25 - model is <base_models.decision_stump.DecisionStump object at 0x7fb94c57e330>
2025-04-11 11:47:34 [INFO] adaboost.adaboost:25 - model is <base_models.decision_stump.DecisionStump object at 0x7fb94c57e3f0>
2025-04-11 11:47:34 [INFO] adaboost.adaboost:25 - model is <base_models.decision_stump.DecisionStump object at 0x7fb94c57e4b0>
2025-04-11 11:47:35 [INFO] adaboost.adaboost:25 - model is <base_models.decision_stump.DecisionStump object at 0x7fb94c57e570>
2025-04-11 11:47:35 [INFO] adaboost.adaboost:25 - model is <base_models.decision_stump.DecisionStump object at 0x7fb94c57e630>
2025-04-11 11:47:35 [INFO] adaboost.adaboost:25 - model is <base_models.decision_stump.DecisionStump object at 0x7fb94c57e6f0>
2025-04-11 11:47:36 [INFO] adaboost.adaboost:25 - model is <base_models.decision_stump.DecisionStump object at 0x7fb94c57e7b0>
2025-04-11 11:47:36 [INFO] adaboost.adaboost:25 - model is <base_models.decision_stump.DecisionStump object at 0x7fb94c57e870>
2025-04-11 11:47:36 [INFO] adaboost.adaboost:25 - model is <base_models.decision_stump.DecisionStump object at 0x7fb94c57e930>
2025-04-11 11:47:37 [INFO] adaboost.adaboost:25 - model is <base_models.decision_stump.DecisionStump object at 0x7fb94c57e9f0>
2025-04-11 11:47:37 [INFO] adaboost.adaboost:25 - model is <base_models.decision_stump.DecisionStump object at 0x7fb94c57eab0>
2025-04-11 11:47:37 [INFO] adaboost.adaboost:25 - model is <base_models.decision_stump.DecisionStump object at 0x7fb94c57eb70>
2025-04-11 11:47:38 [INFO] adaboost.adaboost:25 - model is <base_models.decision_stump.DecisionStump object at 0x7fb94c57ec30>
2025-04-11 11:47:38 [INFO] adaboost.adaboost:25 - model is <base_models.decision_stump.DecisionStump object at 0x7fb94c57ecf0>
2025-04-11 11:47:38 [INFO] adaboost.adaboost:25 - model is <base_models.decision_stump.DecisionStump object at 0x7fb94c57edb0>
2025-04-11 11:47:38 [INFO] adaboost.adaboost:25 - model is <base_models.decision_stump.DecisionStump object at 0x7fb94c57ee70>
2025-04-11 11:47:39 [INFO] adaboost.adaboost:25 - model is <base_models.decision_stump.DecisionStump object at 0x7fb94c57ef30>
2025-04-11 11:47:39 [INFO] adaboost.adaboost:25 - model is <base_models.decision_stump.DecisionStump object at 0x7fb94c57eff0>
2025-04-11 11:47:39 [INFO] adaboost.adaboost:25 - model is <base_models.decision_stump.DecisionStump object at 0x7fb94c57f0b0>
2025-04-11 11:47:40 [INFO] adaboost.adaboost:25 - model is <base_models.decision_stump.DecisionStump object at 0x7fb94c57f170>
2025-04-11 11:47:40 [INFO] adaboost.adaboost:25 - model is <base_models.decision_stump.DecisionStump object at 0x7fb94c57f230>
2025-04-11 11:47:40 [INFO] adaboost.adaboost:25 - model is <base_models.decision_stump.DecisionStump object at 0x7fb94c57f2f0>
2025-04-11 11:47:41 [INFO] adaboost.adaboost:25 - model is <base_models.decision_stump.DecisionStump object at 0x7fb94c57f3b0>
2025-04-11 11:47:41 [INFO] adaboost.adaboost:25 - model is <base_models.decision_stump.DecisionStump object at 0x7fb94c57f470>
2025-04-11 11:47:41 [INFO] adaboost.adaboost:25 - model is <base_models.decision_stump.DecisionStump object at 0x7fb94c57f530>
2025-04-11 11:47:42 [INFO] adaboost.adaboost:25 - model is <base_models.decision_stump.DecisionStump object at 0x7fb94c57f5f0>
2025-04-11 11:47:42 [INFO] adaboost.adaboost:25 - model is <base_models.decision_stump.DecisionStump object at 0x7fb94c57f6b0>
2025-04-11 11:47:42 [INFO] adaboost.adaboost:25 - model is <base_models.decision_stump.DecisionStump object at 0x7fb94c57f770>
2025-04-11 11:47:42 [INFO] adaboost.adaboost:25 - model is <base_models.decision_stump.DecisionStump object at 0x7fb94c57f830>
2025-04-11 11:47:43 [INFO] adaboost.adaboost:25 - model is <base_models.decision_stump.DecisionStump object at 0x7fb94c57f8f0>
2025-04-11 11:47:43 [INFO] adaboost.adaboost:25 - model is <base_models.decision_stump.DecisionStump object at 0x7fb94c57f9b0>
2025-04-11 11:47:43 [INFO] adaboost.adaboost:25 - model is <base_models.decision_stump.DecisionStump object at 0x7fb94c57fa70>
2025-04-11 11:47:44 [INFO] adaboost.adaboost:25 - model is <base_models.decision_stump.DecisionStump object at 0x7fb94c57fb30>
2025-04-11 11:47:44 [INFO] adaboost.adaboost:25 - model is <base_models.decision_stump.DecisionStump object at 0x7fb94c57fbf0>
2025-04-11 11:47:44 [INFO] adaboost.adaboost:25 - model is <base_models.decision_stump.DecisionStump object at 0x7fb94c57fcb0>
2025-04-11 11:47:45 [INFO] adaboost.adaboost:25 - model is <base_models.decision_stump.DecisionStump object at 0x7fb94c57fd70>
2025-04-11 11:47:45 [INFO] adaboost.adaboost:25 - model is <base_models.decision_stump.DecisionStump object at 0x7fb94c57fe30>
2025-04-11 11:47:45 [INFO] adaboost.adaboost:25 - model is <base_models.decision_stump.DecisionStump object at 0x7fb94c57fef0>
2025-04-11 11:47:46 [INFO] adaboost.adaboost:25 - model is <base_models.decision_stump.DecisionStump object at 0x7fb94c57ffb0>
2025-04-11 11:47:46 [INFO] adaboost.adaboost:25 - model is <base_models.decision_stump.DecisionStump object at 0x7fb94d179ca0>
2025-04-11 11:47:46 [INFO] adaboost.adaboost:25 - model is <base_models.decision_stump.DecisionStump object at 0x7fb94cc989e0>
2025-04-11 11:47:46 [INFO] adaboost.adaboost:25 - model is <base_models.decision_stump.DecisionStump object at 0x7fb94c5737d0>
2025-04-11 11:47:47 [INFO] adaboost.adaboost:25 - model is <base_models.decision_stump.DecisionStump object at 0x7fb94fbcce60>
2025-04-11 11:47:47 [INFO] adaboost.adaboost:25 - model is <base_models.decision_stump.DecisionStump object at 0x7fb94c568770>
2025-04-11 11:47:47 [INFO] adaboost.adaboost:25 - model is <base_models.decision_stump.DecisionStump object at 0x7fb94c56b410>
2025-04-11 11:47:48 [INFO] adaboost.adaboost:25 - model is <base_models.decision_stump.DecisionStump object at 0x7fb94c5686b0>
2025-04-11 11:47:48 [INFO] adaboost.adaboost:25 - model is <base_models.decision_stump.DecisionStump object at 0x7fb94c568e90>
2025-04-11 11:47:48 [INFO] adaboost.adaboost:25 - model is <base_models.decision_stump.DecisionStump object at 0x7fb94c57ba10>
2025-04-11 11:47:49 [INFO] adaboost.adaboost:25 - model is <base_models.decision_stump.DecisionStump object at 0x7fb94c57bad0>
2025-04-11 11:47:49 [INFO] adaboost.adaboost:25 - model is <base_models.decision_stump.DecisionStump object at 0x7fb94c57bcb0>
2025-04-11 11:47:49 [INFO] adaboost.adaboost:25 - model is <base_models.decision_stump.DecisionStump object at 0x7fb94c57b8f0>
2025-04-11 11:47:50 [INFO] adaboost.adaboost:25 - model is <base_models.decision_stump.DecisionStump object at 0x7fb94c57ba70>
2025-04-11 11:47:50 [INFO] adaboost.adaboost:25 - model is <base_models.decision_stump.DecisionStump object at 0x7fb94c57be90>
2025-04-11 11:47:50 [INFO] adaboost.adaboost:25 - model is <base_models.decision_stump.DecisionStump object at 0x7fb94c57bf50>
2025-04-11 11:47:50 [INFO] adaboost.adaboost:25 - model is <base_models.decision_stump.DecisionStump object at 0x7fb94c578290>
2025-04-11 11:47:51 [INFO] adaboost.adaboost:25 - model is <base_models.decision_stump.DecisionStump object at 0x7fb94c5782f0>
2025-04-11 11:47:51 [INFO] adaboost.adaboost:25 - model is <base_models.decision_stump.DecisionStump object at 0x7fb94c57b230>
2025-04-11 11:47:51 [INFO] adaboost.adaboost:25 - model is <base_models.decision_stump.DecisionStump object at 0x7fb94c57b2f0>
2025-04-11 11:47:52 [INFO] adaboost.adaboost:25 - model is <base_models.decision_stump.DecisionStump object at 0x7fb94c57b410>
2025-04-11 11:47:52 [INFO] adaboost.adaboost:25 - model is <base_models.decision_stump.DecisionStump object at 0x7fb94c57b590>
2025-04-11 11:47:52 [INFO] adaboost.adaboost:25 - model is <base_models.decision_stump.DecisionStump object at 0x7fb94c57b6b0>
2025-04-11 11:47:53 [INFO] adaboost.adaboost:25 - model is <base_models.decision_stump.DecisionStump object at 0x7fb94c57b290>
2025-04-11 11:47:53 [INFO] adaboost.adaboost:25 - model is <base_models.decision_stump.DecisionStump object at 0x7fb94c578170>
2025-04-11 11:47:53 [INFO] adaboost.adaboost:25 - model is <base_models.decision_stump.DecisionStump object at 0x7fb94c57bb90>
2025-04-11 11:47:54 [INFO] adaboost.adaboost:25 - model is <base_models.decision_stump.DecisionStump object at 0x7fb94c57b830>
2025-04-11 11:47:54 [INFO] adaboost.adaboost:25 - model is <base_models.decision_stump.DecisionStump object at 0x7fb94c57b890>
2025-04-11 11:47:54 [INFO] adaboost.adaboost:25 - model is <base_models.decision_stump.DecisionStump object at 0x7fb94c57b470>
2025-04-11 11:47:54 [INFO] adaboost.adaboost:25 - model is <base_models.decision_stump.DecisionStump object at 0x7fb94c57bb30>
2025-04-11 11:47:55 [INFO] adaboost.adaboost:25 - model is <base_models.decision_stump.DecisionStump object at 0x7fb94c53ac90>
2025-04-11 11:47:55 [INFO] adaboost.adaboost:25 - model is <base_models.decision_stump.DecisionStump object at 0x7fb94c53ac60>
2025-04-11 11:47:55 [INFO] adaboost.adaboost:25 - model is <base_models.decision_stump.DecisionStump object at 0x7fb94c5391f0>
2025-04-11 11:47:56 [INFO] adaboost.adaboost:25 - model is <base_models.decision_stump.DecisionStump object at 0x7fb94c5392b0>
2025-04-11 11:47:56 [INFO] adaboost.adaboost:25 - model is <base_models.decision_stump.DecisionStump object at 0x7fb94c539220>
2025-04-11 11:47:56 [INFO] adaboost.adaboost:25 - model is <base_models.decision_stump.DecisionStump object at 0x7fb94c539310>
2025-04-11 11:47:57 [INFO] adaboost.adaboost:25 - model is <base_models.decision_stump.DecisionStump object at 0x7fb94c539370>
2025-04-11 11:47:57 [INFO] adaboost.adaboost:25 - model is <base_models.decision_stump.DecisionStump object at 0x7fb94c5393d0>
2025-04-11 11:47:57 [INFO] adaboost.adaboost:25 - model is <base_models.decision_stump.DecisionStump object at 0x7fb94c539430>
2025-04-11 11:47:58 [INFO] adaboost.adaboost:25 - model is <base_models.decision_stump.DecisionStump object at 0x7fb94c539490>
2025-04-11 11:47:58 [INFO] adaboost.adaboost:25 - model is <base_models.decision_stump.DecisionStump object at 0x7fb94c5394f0>
